<?xml version="1.0" encoding="UTF-8"?>
<!-- Generated by org.testng.reporters.JUnitXMLReporter -->
<testsuite hostname="LAPTOP-T776G0RL" ignored="0" name="Default test" tests="2" failures="0" timestamp="2020-10-02T19:57:45 IST" time="27.103" errors="0">
  <testcase name="selectMobileSection" time="3.523" classname="com.flipkart.testcases.SearchProductDetails"/>
  <testcase name="searchMobileDetails" time="6.303" classname="com.flipkart.testcases.SearchProductDetails"/>
</testsuite> <!-- Default test -->
