<?xml version="1.0" encoding="UTF-8"?>
<testng-results skipped="0" failed="0" ignored="0" total="2" passed="2">
  <reporter-output>
  </reporter-output>
  <suite name="Suite" duration-ms="34019" started-at="2020-10-03T01:11:40 IST" finished-at="2020-10-03T01:12:14 IST">
    <groups>
    </groups>
    <test name="Test" duration-ms="34019" started-at="2020-10-03T01:11:40 IST" finished-at="2020-10-03T01:12:14 IST">
      <class name="com.flipkart.testcases.SearchProductDetails">
        <test-method status="PASS" signature="setUp()[pri:0, instance:com.flipkart.testcases.SearchProductDetails@131276c2]" name="setUp" is-config="true" duration-ms="9880" started-at="2020-10-03T01:11:40 IST" finished-at="2020-10-03T01:11:50 IST">
          <reporter-output>
          </reporter-output>
        </test-method> <!-- setUp -->
        <test-method status="PASS" signature="searchMobileDetails()[pri:1, instance:com.flipkart.testcases.SearchProductDetails@131276c2]" name="searchMobileDetails" duration-ms="8393" started-at="2020-10-03T01:11:50 IST" finished-at="2020-10-03T01:11:58 IST">
          <reporter-output>
          </reporter-output>
        </test-method> <!-- searchMobileDetails -->
        <test-method status="PASS" signature="tearDown()[pri:0, instance:com.flipkart.testcases.SearchProductDetails@131276c2]" name="tearDown" is-config="true" duration-ms="802" started-at="2020-10-03T01:11:58 IST" finished-at="2020-10-03T01:11:59 IST">
          <reporter-output>
          </reporter-output>
        </test-method> <!-- tearDown -->
        <test-method status="PASS" signature="setUp()[pri:0, instance:com.flipkart.testcases.SearchProductDetails@131276c2]" name="setUp" is-config="true" duration-ms="8286" started-at="2020-10-03T01:11:59 IST" finished-at="2020-10-03T01:12:07 IST">
          <reporter-output>
          </reporter-output>
        </test-method> <!-- setUp -->
        <test-method status="PASS" signature="selectMobileSection()[pri:2, instance:com.flipkart.testcases.SearchProductDetails@131276c2]" name="selectMobileSection" duration-ms="5677" started-at="2020-10-03T01:12:07 IST" finished-at="2020-10-03T01:12:13 IST">
          <reporter-output>
          </reporter-output>
        </test-method> <!-- selectMobileSection -->
        <test-method status="PASS" signature="tearDown()[pri:0, instance:com.flipkart.testcases.SearchProductDetails@131276c2]" name="tearDown" is-config="true" duration-ms="923" started-at="2020-10-03T01:12:13 IST" finished-at="2020-10-03T01:12:14 IST">
          <reporter-output>
          </reporter-output>
        </test-method> <!-- tearDown -->
      </class> <!-- com.flipkart.testcases.SearchProductDetails -->
    </test> <!-- Test -->
  </suite> <!-- Suite -->
</testng-results>
